{"imp": [], "site": {"page": "www.bodybuilding.com"}, "user": {"ext": {"eids": [{"source": "pubcid.org", "uids": "69485518-62fe-4352-8143-9e5864e8afec"}, {"source": "adserver.org", "uids": "db388856-0338-4dfd-8404-e588623ccbf3"}, {"source": "liveramp.com", "uids": "0e629d89-1e89-4b72-9845-46e1fccb00b2"}]}}, "device": {"ip": 11087}}
{"imp": [], "site": {"page": "www.trello.com"}, "user": {"id": "4707411511"}, "device": {}}
{"imp": [], "site": {"page": "www.slack.com"}, "user": {"id": {"lat": 39.72, "lon": -105.08, "country": "USA", "type": 2}}, "device": {}}
{"imp": [], "site": {"page": "www.spotify.com"}, "user": {"id": {"zip": "80226", "lat": 39.8, "lon": -105.09, "city": "LAKEWOOD", "country": "USA", "region": "CO", "metro": "303", "type": 2}}, "device": {}}
{"imp": [], "site": {"page": "www.apple.com"}, "user": {"id": {"lat": 39.69, "lon": -105.09, "country": "USA", "type": 2}}, "device": {}}
{"imp": [], "site": {"page": "www.imgur.com"}, "user": {"id": "170f8750-f1e6-411e-8247-854699a60e78"}, "device": {}}
{"imp": [], "site": {"page": "www.converse.com"}, "user": {"id": "1533343742"}, "device": {}}
{"imp": [], "site": {"page": "www.converse.com"}, "user": {"ext": {"eids": [{"source": "pubcid.org", "uids": "580fef8a-104f-41d0-87fd-73c45a31db0a"}, {"source": "adserver.org", "uids": "1ad88b39-d75e-4d8f-a763-11b05d8960c6"}]}}, "device": {}}
{"imp": [], "site": {"page": "www.kayak.com"}, "user": {"ext": {"eids": [{"source": "adserver.org", "uids": "92160ac0-6921-4a12-ae08-ad15e3c0bc0a"}, {"source": "id5-sync.com", "uids": "53f5b94a-b871-4b9e-ba98-7e52f6ffb607"}]}}, "device": {}}
{"imp": [], "site": {"page": "www.bodybuilding.com"}, "user": {"id": "07495a1b-ff65-4f07-bb90-b7740bc9bfe8"}, "device": {}}
{"imp": [], "site": {"page": "www.puma.com"}, "user": {}, "device": {}}
{"imp": [], "site": {"page": "www.airbnb.com"}, "user": {"id": "5356924000"}, "device": {}}
{"imp": [], "site": {"page": "www.apple.com"}, "user": {"id": "325d134c-be52-4c25-b744-f27a216e7169"}, "device": {}}
{"imp": [], "site": {"page": "www.puma.com"}, "user": {"ext": {"eids": [{"source": "pubcid.org", "uids": "90387fcc-3fee-4ba1-ac44-6812b7fccdb7"}, {"source": "id5-sync.com", "uids": "e7671e95-da82-4c6a-8e4c-d51a4593a0e4"}, {"source": "liveramp.com", "uids": "b5d918d8-e62f-4732-96c4-aba6b80ae2f0"}]}}, "device": {"ip": 9233}}
{"imp": [], "site": {"page": "www.weightwatchers.com"}, "user": {"id": "fbecefb7-1d9a-4ac0-a52b-7f260dde3ea9"}, "device": {}}
{"imp": [], "site": {"page": "www.dickssportinggoods.com"}, "user": {"id": {"zip": "80226", "lat": 39.69, "lon": -105.08, "city": "LAKEWOOD", "country": "USA", "region": "CO", "metro": "303", "type": 2}}, "device": {}}
{"imp": [], "site": {"page": "www.bestbuy.com"}, "user": {"id": {"lat": 39.62, "lon": -105.09, "country": "USA", "type": 2}}, "device": {"ip": 22414}}
{"imp": [], "site": {"page": "www.gnc.com"}, "user": {"ext": {"eids": []}}, "device": {"ip": 12565}}
{"imp": [], "site": {"page": "www.apple.com"}, "user": {"ext": {"eids": [{"source": "id5-sync.com", "uids": "6139fd33-142a-46f1-80d3-c249ebcf4545"}, {"source": "liveramp.com", "uids": "c57fcd0c-bc92-4035-9fca-cdde5824dbb8"}]}}, "device": {"ip": 8829}}
{"imp": [], "site": {"page": "www.stackoverflow.com"}, "user": {"ext": {"eids": [{"source": "pubcid.org", "uids": "5f4526dd-a307-4981-a29a-7966c4e43ca2"}, {"source": "adserver.org", "uids": "52f5cdf7-54fd-4eaa-9ac7-99a3542aca0d"}, {"source": "id5-sync.com", "uids": "9e605875-f032-41b3-af02-e427af682b90"}, {"source": "liveramp.com", "uids": "7dcb1f6c-5ccd-451d-9910-bbcf508fac1f"}]}}, "device": {}}
{"imp": [], "site": {"page": "www.sportsauthority.com"}, "user": {"ext": {"eids": [{"source": "pubcid.org", "uids": "edc18b83-5f2d-47cb-97a4-08411726bf96"}, {"source": "adserver.org", "uids": "330baa4c-b2d1-41a3-9bfc-7ef0d01d67ca"}]}}, "device": {"ip": 8693}}
